<?xml version="1.0" encoding="UTF-8"?>
<!-- Generated by org.testng.reporters.JUnitXMLReporter -->
<testsuite hostname="ITSVR" ignored="0" name="Default test" tests="3" failures="0" timestamp="03 Apr 2018 09:16:38 GMT" time="0.042" errors="0">
  <testcase name="LoginTest" time="0.006" classname="TestNGTest.NewTest"/>
  <testcase name="TearDown" time="0.002" classname="TestNGTest.NewTest"/>
  <testcase name="UserTest" time="0.001" classname="TestNGTest.NewTest"/>
</testsuite> <!-- Default test -->
