<?xml version="1.0" encoding="UTF-8"?>
<testng-results skipped="0" failed="0" ignored="0" total="3" passed="3">
  <reporter-output>
  </reporter-output>
  <suite name="Default suite" duration-ms="42" started-at="2018-04-03T09:16:38Z" finished-at="2018-04-03T09:16:38Z">
    <groups>
    </groups>
    <test name="Default test" duration-ms="42" started-at="2018-04-03T09:16:38Z" finished-at="2018-04-03T09:16:38Z">
      <class name="TestNGTest.NewTest">
        <test-method status="PASS" signature="setup()[pri:0, instance:TestNGTest.NewTest@13c27452]" name="setup" is-config="true" duration-ms="6" started-at="2018-04-03T14:46:38Z" finished-at="2018-04-03T14:46:38Z">
          <reporter-output>
          </reporter-output>
        </test-method> <!-- setup -->
        <test-method status="PASS" signature="LoginTest()[pri:0, instance:TestNGTest.NewTest@13c27452]" name="LoginTest" duration-ms="6" started-at="2018-04-03T14:46:38Z" finished-at="2018-04-03T14:46:38Z">
          <reporter-output>
          </reporter-output>
        </test-method> <!-- LoginTest -->
        <test-method status="PASS" signature="TearDown()[pri:0, instance:TestNGTest.NewTest@13c27452]" name="TearDown" duration-ms="2" started-at="2018-04-03T14:46:38Z" finished-at="2018-04-03T14:46:38Z">
          <reporter-output>
          </reporter-output>
        </test-method> <!-- TearDown -->
        <test-method status="PASS" signature="setup()[pri:0, instance:TestNGTest.NewTest@13c27452]" name="setup" is-config="true" duration-ms="0" started-at="2018-04-03T14:46:38Z" finished-at="2018-04-03T14:46:38Z">
          <reporter-output>
          </reporter-output>
        </test-method> <!-- setup -->
        <test-method status="PASS" signature="setup()[pri:0, instance:TestNGTest.NewTest@13c27452]" name="setup" is-config="true" duration-ms="1" started-at="2018-04-03T14:46:38Z" finished-at="2018-04-03T14:46:38Z">
          <reporter-output>
          </reporter-output>
        </test-method> <!-- setup -->
        <test-method status="PASS" signature="UserTest()[pri:0, instance:TestNGTest.NewTest@13c27452]" name="UserTest" duration-ms="1" started-at="2018-04-03T14:46:38Z" finished-at="2018-04-03T14:46:38Z">
          <reporter-output>
          </reporter-output>
        </test-method> <!-- UserTest -->
      </class> <!-- TestNGTest.NewTest -->
    </test> <!-- Default test -->
  </suite> <!-- Default suite -->
</testng-results>
